<?xml version="1.0" encoding="UTF-8" ?>
<testsuite failures="0" time="0.186" errors="0" skipped="0" tests="1" name="at.ac.tuwien.sepm2011ws.mp3player.AppTest">
  <properties>
    <property name="java.runtime.name" value="Java(TM) SE Runtime Environment"/>
    <property name="sun.boot.library.path" value="/System/Library/Java/JavaVirtualMachines/1.6.0.jdk/Contents/Libraries"/>
    <property name="java.vm.version" value="20.4-b02-402"/>
    <property name="awt.nativeDoubleBuffering" value="true"/>
    <property name="gopherProxySet" value="false"/>
    <property name="mrj.build" value="11M3527"/>
    <property name="java.vm.vendor" value="Apple Inc."/>
    <property name="java.vendor.url" value="http://www.apple.com/"/>
    <property name="path.separator" value=":"/>
    <property name="java.vm.name" value="Java HotSpot(TM) 64-Bit Server VM"/>
    <property name="file.encoding.pkg" value="sun.io"/>
    <property name="user.country" value="DE"/>
    <property name="sun.java.launcher" value="SUN_STANDARD"/>
    <property name="sun.os.patch.level" value="unknown"/>
    <property name="java.vm.specification.name" value="Java Virtual Machine Specification"/>
    <property name="user.dir" value="/Users/stefangamerith/Dropbox/Studium/SEPM/Gruppe/repository/qse-sepm-ws11-08/mp3player"/>
    <property name="java.runtime.version" value="1.6.0_29-b11-402-11M3527"/>
    <property name="java.awt.graphicsenv" value="apple.awt.CGraphicsEnvironment"/>
    <property name="basedir" value="/Users/stefangamerith/Dropbox/Studium/SEPM/Gruppe/repository/qse-sepm-ws11-08/mp3player"/>
    <property name="java.endorsed.dirs" value="/System/Library/Java/JavaVirtualMachines/1.6.0.jdk/Contents/Home/lib/endorsed"/>
    <property name="os.arch" value="x86_64"/>
    <property name="surefire.real.class.path" value="/Users/stefangamerith/Dropbox/Studium/SEPM/Gruppe/repository/qse-sepm-ws11-08/mp3player/target/surefire/surefirebooter6537499665689616922.jar"/>
    <property name="java.io.tmpdir" value="/var/folders/fc/8yx40vgs3ql1pnt_nnyyyktc0000gn/T/"/>
    <property name="line.separator" value="
"/>
    <property name="java.vm.specification.vendor" value="Sun Microsystems Inc."/>
    <property name="os.name" value="Mac OS X"/>
    <property name="sun.jnu.encoding" value="MacRoman"/>
    <property name="java.library.path" value=".:/Library/Java/Extensions:/System/Library/Java/Extensions:/usr/lib/java"/>
    <property name="surefire.test.class.path" value="/Users/stefangamerith/Dropbox/Studium/SEPM/Gruppe/repository/qse-sepm-ws11-08/mp3player/target/test-classes:/Users/stefangamerith/Dropbox/Studium/SEPM/Gruppe/repository/qse-sepm-ws11-08/mp3player/target/classes:/Users/stefangamerith/.m2/repository/junit/junit/4.10/junit-4.10.jar:/Users/stefangamerith/.m2/repository/org/hamcrest/hamcrest-core/1.1/hamcrest-core-1.1.jar:/Users/stefangamerith/.m2/repository/com/miglayout/miglayout-swing/4.1/miglayout-swing-4.1.jar:/Users/stefangamerith/.m2/repository/com/miglayout/miglayout-core/4.1/miglayout-core-4.1.jar:/Users/stefangamerith/.m2/repository/log4j/log4j/1.2.16/log4j-1.2.16.jar:"/>
    <property name="java.specification.name" value="Java Platform API Specification"/>
    <property name="java.class.version" value="50.0"/>
    <property name="sun.management.compiler" value="HotSpot 64-Bit Tiered Compilers"/>
    <property name="os.version" value="10.7.2"/>
    <property name="user.home" value="/Users/stefangamerith"/>
    <property name="user.timezone" value=""/>
    <property name="java.awt.printerjob" value="apple.awt.CPrinterJob"/>
    <property name="java.specification.version" value="1.6"/>
    <property name="file.encoding" value="MacRoman"/>
    <property name="user.name" value="stefangamerith"/>
    <property name="java.class.path" value="/Users/stefangamerith/Dropbox/Studium/SEPM/Gruppe/repository/qse-sepm-ws11-08/mp3player/target/test-classes:/Users/stefangamerith/Dropbox/Studium/SEPM/Gruppe/repository/qse-sepm-ws11-08/mp3player/target/classes:/Users/stefangamerith/.m2/repository/junit/junit/4.10/junit-4.10.jar:/Users/stefangamerith/.m2/repository/org/hamcrest/hamcrest-core/1.1/hamcrest-core-1.1.jar:/Users/stefangamerith/.m2/repository/com/miglayout/miglayout-swing/4.1/miglayout-swing-4.1.jar:/Users/stefangamerith/.m2/repository/com/miglayout/miglayout-core/4.1/miglayout-core-4.1.jar:/Users/stefangamerith/.m2/repository/log4j/log4j/1.2.16/log4j-1.2.16.jar:"/>
    <property name="java.vm.specification.version" value="1.0"/>
    <property name="sun.arch.data.model" value="64"/>
    <property name="java.home" value="/System/Library/Java/JavaVirtualMachines/1.6.0.jdk/Contents/Home"/>
    <property name="sun.java.command" value="/Users/stefangamerith/Dropbox/Studium/SEPM/Gruppe/repository/qse-sepm-ws11-08/mp3player/target/surefire/surefirebooter6537499665689616922.jar /Users/stefangamerith/Dropbox/Studium/SEPM/Gruppe/repository/qse-sepm-ws11-08/mp3player/target/surefire/surefire1224122022877712405tmp /Users/stefangamerith/Dropbox/Studium/SEPM/Gruppe/repository/qse-sepm-ws11-08/mp3player/target/surefire/surefire6590594919917256152tmp"/>
    <property name="java.specification.vendor" value="Sun Microsystems Inc."/>
    <property name="user.language" value="de"/>
    <property name="awt.toolkit" value="apple.awt.CToolkit"/>
    <property name="java.vm.info" value="mixed mode"/>
    <property name="java.version" value="1.6.0_29"/>
    <property name="java.ext.dirs" value="/Library/Java/Extensions:/System/Library/Java/Extensions:/System/Library/Java/JavaVirtualMachines/1.6.0.jdk/Contents/Home/lib/ext"/>
    <property name="sun.boot.class.path" value="/System/Library/Java/JavaVirtualMachines/1.6.0.jdk/Contents/Classes/jsfd.jar:/System/Library/Java/JavaVirtualMachines/1.6.0.jdk/Contents/Classes/classes.jar:/System/Library/Frameworks/JavaVM.framework/Frameworks/JavaRuntimeSupport.framework/Resources/Java/JavaRuntimeSupport.jar:/System/Library/Java/JavaVirtualMachines/1.6.0.jdk/Contents/Classes/ui.jar:/System/Library/Java/JavaVirtualMachines/1.6.0.jdk/Contents/Classes/laf.jar:/System/Library/Java/JavaVirtualMachines/1.6.0.jdk/Contents/Classes/sunrsasign.jar:/System/Library/Java/JavaVirtualMachines/1.6.0.jdk/Contents/Classes/jsse.jar:/System/Library/Java/JavaVirtualMachines/1.6.0.jdk/Contents/Classes/jce.jar:/System/Library/Java/JavaVirtualMachines/1.6.0.jdk/Contents/Classes/charsets.jar"/>
    <property name="java.vendor" value="Apple Inc."/>
    <property name="localRepository" value="/Users/stefangamerith/.m2/repository"/>
    <property name="file.separator" value="/"/>
    <property name="java.vendor.url.bug" value="http://bugreport.apple.com/"/>
    <property name="sun.cpu.endian" value="little"/>
    <property name="sun.io.unicode.encoding" value="UnicodeLittle"/>
    <property name="mrj.version" value="1070.1.6.0_29-402"/>
    <property name="sun.cpu.isalist" value=""/>
  </properties>
  <testcase time="0.003" classname="at.ac.tuwien.sepm2011ws.mp3player.AppTest" name="testApp"/>
</testsuite>